<?xml version="1.0" encoding="UTF-8"?>
<testng-results skipped="0" failed="0" ignored="0" total="1" passed="1">
  <reporter-output>
    <line>
      <![CDATA[Script is working successfull]]>
    </line>
  </reporter-output>
  <suite name="Default suite" duration-ms="196" started-at="2020-07-01T03:19:11Z" finished-at="2020-07-01T03:19:11Z">
    <groups>
    </groups>
    <test name="Default test" duration-ms="196" started-at="2020-07-01T03:19:11Z" finished-at="2020-07-01T03:19:11Z">
      <class name="com.actitime.login.Demo">
        <test-method status="PASS" signature="run()[pri:0, instance:com.actitime.login.Demo@675d3402]" name="run" duration-ms="59" started-at="2020-07-01T08:49:11Z" finished-at="2020-07-01T08:49:11Z">
          <reporter-output>
            <line>
              <![CDATA[Script is working successfull]]>
            </line>
          </reporter-output>
        </test-method> <!-- run -->
      </class> <!-- com.actitime.login.Demo -->
    </test> <!-- Default test -->
  </suite> <!-- Default suite -->
</testng-results>
